#
# A fatal error has been detected by the Java Runtime Environment:
#
#  EXCEPTION_ACCESS_VIOLATION (0xc0000005) at pc=0x000001f9881814c2, pid=8204, tid=16944
#
# JRE version: Java(TM) SE Runtime Environment (15.0.1+9) (build 15.0.1+9-18)
# Java VM: Java HotSpot(TM) 64-Bit Server VM (15.0.1+9-18, mixed mode, sharing, tiered, compressed oops, g1 gc, windows-amd64)
# Problematic frame:
# j  sun.java2d.marlin.DRenderer._endRendering(II)V+2171 java.desktop@15.0.1
#
# No core dump will be written. Minidumps are not enabled by default on client versions of Windows
#
# If you would like to submit a bug report, please visit:
#   https://bugreport.java.com/bugreport/crash.jsp
#

---------------  S U M M A R Y ------------

Command Line: -Dfile.encoding=UTF-8 --module-path=C:\Users\Jaro\Documents\NetBeansProjects\TimeScheduler\build\classes timescheduler.scheduler_ui

Host: Intel(R) Core(TM) i7-4790K CPU @ 4.00GHz, 8 cores, 15G,  Windows 10 , 64 bit Build 18362 (10.0.18362.1110)
Time: Sun Dec 27 20:40:19 2020 Mitteleuropäische Zeit elapsed time: 64.355454 seconds (0d 0h 1m 4s)

---------------  T H R E A D  ---------------

Current thread (0x000001f9a1a31b90):  JavaThread "AWT-EventQueue-0" [_thread_in_Java, id=16944, stack(0x00000088e8e00000,0x00000088e8f00000)]

Stack: [0x00000088e8e00000,0x00000088e8f00000],  sp=0x00000088e8efc408,  free space=1009k
Native frames: (J=compiled Java code, j=interpreted, Vv=VM code, C=native code)
C  0x000001f9881814c2


siginfo: EXCEPTION_ACCESS_VIOLATION (0xc0000005), writing address 0x00001bc1aa3f0be7


Register to memory mapping:

RIP=0x000001f9881814c2 is at code_begin+66 in an Interpreter codelet
fast_zputfield  213 fast_zputfield  [0x000001f988181480, 0x000001f9881814e0]  96 bytes
RAX=0x0 is NULL
RBX=0x000019c8000029cc is an unknown value
RCX=0x000001f9aa3ee21b is pointing into metadata
RDX=0x0 is NULL
RSP=0x00000088e8efc408 is pointing into the stack for thread: 0x000001f9a1a31b90
RBP=0x00000088e8efc440 is pointing into the stack for thread: 0x000001f9a1a31b90
RSI=0x000001f9a20649d8 points into unknown readable memory: 0x80000ef9710dd4e6 | e6 d4 0d 71 f9 0e 00 80
RDI=0x000001f9a9b4d460 points into unknown readable memory: 0x0000028000000120 | 20 01 00 00 80 02 00 00
R8 =0x00000088e8efc208 is pointing into the stack for thread: 0x000001f9a1a31b90
R9 =0x0000000000000007 is an unknown value
R10=0x00007ffbcded3a10 jvm.dll
R11=0x0000000000000246 is an unknown value
R12=0x0 is NULL
R13=0x000001f9aa3ee21c is pointing into metadata
R14=0x00000088e8efc6c8 is pointing into the stack for thread: 0x000001f9a1a31b90
R15=0x000001f9a1a31b90 is a thread


Registers:
RAX=0x0000000000000000, RBX=0x000019c8000029cc, RCX=0x000001f9aa3ee21b, RDX=0x0000000000000000
RSP=0x00000088e8efc408, RBP=0x00000088e8efc440, RSI=0x000001f9a20649d8, RDI=0x000001f9a9b4d460
R8 =0x00000088e8efc208, R9 =0x0000000000000007, R10=0x00007ffbcded3a10, R11=0x0000000000000246
R12=0x0000000000000000, R13=0x000001f9aa3ee21c, R14=0x00000088e8efc6c8, R15=0x000001f9a1a31b90
RIP=0x000001f9881814c2, EFLAGS=0x0000000000010246

Top of Stack: (sp=0x00000088e8efc408)
0x00000088e8efc408:   00000088e8efc6c8 000001f9aa3f0040
0x00000088e8efc418:   000001f9a24e9b28 00000007038a2ae8
0x00000088e8efc428:   000001f9aa3ee930 0000000000000000
0x00000088e8efc438:   00000088e8efc6d0 00000088e8efcc38
0x00000088e8efc448:   000001f988c6877c deaddeafffffffff
0x00000088e8efc458:   deaddeaf00000000 deaddeaf00000000
0x00000088e8efc468:   deaddeaf00000000 deaddeaf00000020
0x00000088e8efc478:   deaddeaf00000005 000000070396b3b0
0x00000088e8efc488:   0000000000000000 0000000000000000
0x00000088e8efc498:   0000000000000000 0000000000000000
0x00000088e8efc4a8:   0000000000000000 0000000000000000
0x00000088e8efc4b8:   0000000000000000 deaddeaf00000004
0x00000088e8efc4c8:   0000000000000000 0000000000000000
0x00000088e8efc4d8:   0000000000000000 0000000000000000
0x00000088e8efc4e8:   0000000000000000 deaddeaf00000000
0x00000088e8efc4f8:   0000000000000017 deaddeaf00000500 

Instructions: (pc=0x000001f9881814c2)
0x000001f9881813c2:   5a 41 0f b6 5d 03 49 83 c5 03 49 ba 10 3a ed cd
0x000001f9881813d2:   fb 7f 00 00 41 ff 24 da 66 0f 1f 44 00 00 80 00
0x000001f9881813e2:   00 00 00 00 00 00 c0 2f c7 cd fb 7f 00 00 d4 00
0x000001f9881813f2:   00 00 00 00 00 00 00 00 00 00 00 00 00 00 8b 04
0x000001f988181402:   24 48 83 c4 08 41 0f b7 5d 01 48 8b 4d d0 c1 e3
0x000001f988181412:   02 8b 54 d9 38 48 8b 5c d9 30 c1 ea 15 83 e2 01
0x000001f988181422:   59 48 3b 01 85 d2 0f 84 0e 00 00 00 88 04 19 f0
0x000001f988181432:   83 44 24 c0 00 e9 03 00 00 00 88 04 19 41 0f b6
0x000001f988181442:   5d 03 49 83 c5 03 49 ba 10 3a ed cd fb 7f 00 00
0x000001f988181452:   41 ff 24 da 66 90 00 00 00 00 00 00 00 00 80 00
0x000001f988181462:   00 00 00 00 00 00 d0 2f c7 cd fb 7f 00 00 d5 00
0x000001f988181472:   00 00 00 00 00 00 00 00 00 00 00 00 00 00 8b 04
0x000001f988181482:   24 48 83 c4 08 41 0f b7 5d 01 48 8b 4d d0 c1 e3
0x000001f988181492:   02 8b 54 d9 38 48 8b 5c d9 30 c1 ea 15 83 e2 01
0x000001f9881814a2:   59 48 3b 01 85 d2 0f 84 11 00 00 00 83 e0 01 88
0x000001f9881814b2:   04 19 f0 83 44 24 c0 00 e9 06 00 00 00 83 e0 01
0x000001f9881814c2:   88 04 19 41 0f b6 5d 03 49 83 c5 03 49 ba 10 3a
0x000001f9881814d2:   ed cd fb 7f 00 00 41 ff 24 da 0f 1f 40 00 80 00
0x000001f9881814e2:   00 00 00 00 00 00 e0 2f c7 cd fb 7f 00 00 d6 00
0x000001f9881814f2:   00 00 00 00 00 00 00 00 00 00 00 00 00 00 8b 04
0x000001f988181502:   24 48 83 c4 08 41 0f b7 5d 01 48 8b 4d d0 c1 e3
0x000001f988181512:   02 8b 54 d9 38 48 8b 5c d9 30 c1 ea 15 83 e2 01
0x000001f988181522:   59 48 3b 01 85 d2 0f 84 0f 00 00 00 66 89 04 19
0x000001f988181532:   f0 83 44 24 c0 00 e9 04 00 00 00 66 89 04 19 41
0x000001f988181542:   0f b6 5d 03 49 83 c5 03 49 ba 10 3a ed cd fb 7f
0x000001f988181552:   00 00 41 ff 24 da 00 00 00 00 00 00 00 00 80 00
0x000001f988181562:   00 00 00 00 00 00 f0 2f c7 cd fb 7f 00 00 d7 00
0x000001f988181572:   00 00 00 00 00 00 00 00 00 00 00 00 00 00 c5 fb
0x000001f988181582:   10 04 24 48 83 c4 10 41 0f b7 5d 01 48 8b 4d d0
0x000001f988181592:   c1 e3 02 8b 54 d9 38 48 8b 5c d9 30 c1 ea 15 83
0x000001f9881815a2:   e2 01 59 48 3b 01 85 d2 0f 84 10 00 00 00 c5 fb
0x000001f9881815b2:   11 04 19 f0 83 44 24 c0 00 e9 05 00 00 00 c5 fb 


Stack slot to memory mapping:
stack at sp + 0 slots: 0x00000088e8efc6c8 is pointing into the stack for thread: 0x000001f9a1a31b90
stack at sp + 1 slots: 0x000001f9aa3f0040 is pointing into metadata
stack at sp + 2 slots: 0x000001f9a24e9b28 is pointing into metadata
stack at sp + 3 slots: 0x00000007038a2ae8 is an oop: java.lang.Class 
{0x00000007038a2ae8} - klass: 'java/lang/Class'
stack at sp + 4 slots: {method} {0x000001f9aa3ee938} '_endRendering' '(II)V' in 'sun/java2d/marlin/DRenderer'
stack at sp + 5 slots: 0x0 is NULL
stack at sp + 6 slots: 0x00000088e8efc6d0 is pointing into the stack for thread: 0x000001f9a1a31b90
stack at sp + 7 slots: 0x00000088e8efcc38 is pointing into the stack for thread: 0x000001f9a1a31b90

fast_zputfield  213 fast_zputfield  [0x000001f988181480, 0x000001f9881814e0]  96 bytes
[MachCode]
  0x000001f988181480: 8b04 2448 | 83c4 0841 | 0fb7 5d01 | 488b 4dd0 | c1e3 028b | 54d9 3848 | 8b5c d930 | c1ea 1583 
  0x000001f9881814a0: e201 5948 | 3b01 85d2 | 0f84 1100 | 0000 83e0 | 0188 0419 | f083 4424 | c000 e906 | 0000 0083 
  0x000001f9881814c0: e001 8804 | 1941 0fb6 | 5d03 4983 | c503 49ba | 103a edcd | fb7f 0000 | 41ff 24da | 0f1f 4000 
[/MachCode]

---------------  P R O C E S S  ---------------

Threads class SMR info:
_java_thread_list=0x000001f9ffec5ab0, length=17, elements={
0x000001f9ffb1b720, 0x000001f9ffb1ca90, 0x000001f9ffb362f0, 0x000001f9ffb38cc0,
0x000001f9ffb39f10, 0x000001f9ffb3ee50, 0x000001f9ffb451b0, 0x000001f9ffb4e470,
0x000001f9fb5ada70, 0x000001f9ffcc1c50, 0x000001f9a1998da0, 0x000001f9a198dd30,
0x000001f9a198e200, 0x000001f9a1a31b90, 0x000001f9fb4e2930, 0x000001f9a95e2230,
0x000001f9a1cd5f60
}

Java Threads: ( => current thread )
  0x000001f9ffb1b720 JavaThread "Reference Handler" daemon [_thread_blocked, id=16744, stack(0x00000088e8000000,0x00000088e8100000)]
  0x000001f9ffb1ca90 JavaThread "Finalizer" daemon [_thread_blocked, id=8456, stack(0x00000088e8100000,0x00000088e8200000)]
  0x000001f9ffb362f0 JavaThread "Signal Dispatcher" daemon [_thread_blocked, id=9880, stack(0x00000088e8200000,0x00000088e8300000)]
  0x000001f9ffb38cc0 JavaThread "Attach Listener" daemon [_thread_blocked, id=5684, stack(0x00000088e8300000,0x00000088e8400000)]
  0x000001f9ffb39f10 JavaThread "Service Thread" daemon [_thread_blocked, id=4972, stack(0x00000088e8400000,0x00000088e8500000)]
  0x000001f9ffb3ee50 JavaThread "C2 CompilerThread0" daemon [_thread_blocked, id=17368, stack(0x00000088e8500000,0x00000088e8600000)]
  0x000001f9ffb451b0 JavaThread "C1 CompilerThread0" daemon [_thread_blocked, id=17328, stack(0x00000088e8600000,0x00000088e8700000)]
  0x000001f9ffb4e470 JavaThread "Sweeper thread" daemon [_thread_blocked, id=8912, stack(0x00000088e8700000,0x00000088e8800000)]
  0x000001f9fb5ada70 JavaThread "Common-Cleaner" daemon [_thread_blocked, id=10888, stack(0x00000088e8800000,0x00000088e8900000)]
  0x000001f9ffcc1c50 JavaThread "Notification Thread" daemon [_thread_blocked, id=11944, stack(0x00000088e8900000,0x00000088e8a00000)]
  0x000001f9a1998da0 JavaThread "Java2D Disposer" daemon [_thread_blocked, id=16964, stack(0x00000088e8b00000,0x00000088e8c00000)]
  0x000001f9a198dd30 JavaThread "AWT-Shutdown" [_thread_blocked, id=2792, stack(0x00000088e8c00000,0x00000088e8d00000)]
  0x000001f9a198e200 JavaThread "AWT-Windows" daemon [_thread_in_native, id=5648, stack(0x00000088e8d00000,0x00000088e8e00000)]
=>0x000001f9a1a31b90 JavaThread "AWT-EventQueue-0" [_thread_in_Java, id=16944, stack(0x00000088e8e00000,0x00000088e8f00000)]
  0x000001f9fb4e2930 JavaThread "DestroyJavaVM" [_thread_blocked, id=10944, stack(0x00000088e7900000,0x00000088e7a00000)]
  0x000001f9a95e2230 JavaThread "TimerQueue" daemon [_thread_blocked, id=14272, stack(0x00000088e9300000,0x00000088e9400000)]
  0x000001f9a1cd5f60 JavaThread "D3D Screen Updater" daemon [_thread_blocked, id=3008, stack(0x00000088e9700000,0x00000088e9800000)]

Other Threads:
  0x000001f9ffb19700 VMThread "VM Thread" [stack: 0x00000088e7f00000,0x00000088e8000000] [id=16728]
  0x000001f9fb4e3a60 WatcherThread [stack: 0x00000088e8a00000,0x00000088e8b00000] [id=1576]
  0x000001f9fb533e10 GCTaskThread "GC Thread#0" [stack: 0x00000088e7a00000,0x00000088e7b00000] [id=15564]
  0x000001f9ffcb4470 GCTaskThread "GC Thread#1" [stack: 0x00000088e9400000,0x00000088e9500000] [id=5800]
  0x000001f9ffcb3480 GCTaskThread "GC Thread#2" [stack: 0x00000088e9800000,0x00000088e9900000] [id=15488]
  0x000001f9ffcb2e20 GCTaskThread "GC Thread#3" [stack: 0x00000088e9900000,0x00000088e9a00000] [id=16276]
  0x000001f9ffcb37b0 GCTaskThread "GC Thread#4" [stack: 0x00000088e9a00000,0x00000088e9b00000] [id=15412]
  0x000001f9ffcb3ae0 GCTaskThread "GC Thread#5" [stack: 0x00000088e9b00000,0x00000088e9c00000] [id=8688]
  0x000001f9fb545d30 ConcurrentGCThread "G1 Main Marker" [stack: 0x00000088e7b00000,0x00000088e7c00000] [id=7636]
  0x000001f9fb5470c0 ConcurrentGCThread "G1 Conc#0" [stack: 0x00000088e7c00000,0x00000088e7d00000] [id=17128]
  0x000001f9fb59b590 ConcurrentGCThread "G1 Refine#0" [stack: 0x00000088e7d00000,0x00000088e7e00000] [id=17092]
  0x000001f9ffb46090 ConcurrentGCThread "G1 Refine#1" [stack: 0x00000088e9c00000,0x00000088e9d00000] [id=16984]
  0x000001f9a9cf0170 ConcurrentGCThread "G1 Refine#2" [stack: 0x00000088e9d00000,0x00000088e9e00000] [id=3924]
  0x000001f9ff9a2390 ConcurrentGCThread "G1 Young RemSet Sampling" [stack: 0x00000088e7e00000,0x00000088e7f00000] [id=17100]

Threads with active compile tasks:

VM state: not at safepoint (normal execution)

VM Mutex/Monitor currently owned by a thread: None

Heap address: 0x0000000702400000, size: 4060 MB, Compressed Oops mode: Zero based, Oop shift amount: 3
CDS archive(s) mapped at: [0x0000000800000000-0x0000000800b50000-0x0000000800b50000), size 11862016, SharedBaseAddress: 0x0000000800000000, ArchiveRelocationMode: 0.
Compressed class space mapped at: 0x0000000800b50000-0x0000000840b50000, size: 1073741824
Narrow klass base: 0x0000000800000000, Narrow klass shift: 3, Narrow klass range: 0x100000000

GC Precious Log:
 CPUs: 8 total, 8 available
 Memory: 16239M
 Large Page Support: Disabled
 NUMA Support: Disabled
 Compressed Oops: Enabled (Zero based)
 Heap Region Size: 2M
 Heap Min Capacity: 8M
 Heap Initial Capacity: 254M
 Heap Max Capacity: 4060M
 Pre-touch: Disabled
 Parallel Workers: 8
 Concurrent Workers: 2
 Concurrent Refinement Workers: 8
 Periodic GC: Disabled

Heap:
 garbage-first heap   total 260096K, used 35272K [0x0000000702400000, 0x0000000800000000)
  region size 2048K, 8 young (16384K), 1 survivors (2048K)
 Metaspace       used 14764K, capacity 14982K, committed 15232K, reserved 1062912K
  class space    used 1572K, capacity 1641K, committed 1664K, reserved 1048576K

Heap Regions: E=young(eden), S=young(survivor), O=old, HS=humongous(starts), HC=humongous(continues), CS=collection set, F=free, OA=open archive, CA=closed archive, TAMS=top-at-mark-start (previous, next)
|   0|0x0000000702400000, 0x0000000702600000, 0x0000000702600000|100%|HS|  |TAMS 0x0000000702400000, 0x0000000702400000| Complete 
|   1|0x0000000702600000, 0x0000000702800000, 0x0000000702800000|100%|HC|  |TAMS 0x0000000702600000, 0x0000000702600000| Complete 
|   2|0x0000000702800000, 0x0000000702a00000, 0x0000000702a00000|100%| O|  |TAMS 0x0000000702800000, 0x0000000702800000| Untracked 
|   3|0x0000000702a00000, 0x0000000702c00000, 0x0000000702c00000|100%|HS|  |TAMS 0x0000000702a00000, 0x0000000702a00000| Complete 
|   4|0x0000000702c00000, 0x0000000702e00000, 0x0000000702e00000|100%|HC|  |TAMS 0x0000000702c00000, 0x0000000702c00000| Complete 
|   5|0x0000000702e00000, 0x0000000703000000, 0x0000000703000000|100%|HS|  |TAMS 0x0000000702e00000, 0x0000000702e00000| Complete 
|   6|0x0000000703000000, 0x0000000703200000, 0x0000000703200000|100%|HC|  |TAMS 0x0000000703000000, 0x0000000703000000| Complete 
|   7|0x0000000703200000, 0x0000000703400000, 0x0000000703400000|100%|HS|  |TAMS 0x0000000703200000, 0x0000000703200000| Complete 
|   8|0x0000000703400000, 0x0000000703600000, 0x0000000703600000|100%|HC|  |TAMS 0x0000000703400000, 0x0000000703400000| Complete 
|   9|0x0000000703600000, 0x0000000703800000, 0x0000000703800000|100%| O|  |TAMS 0x0000000703600000, 0x0000000703600000| Untracked 
|  10|0x0000000703800000, 0x00000007039fde00, 0x0000000703a00000| 99%| O|  |TAMS 0x0000000703800000, 0x0000000703800000| Untracked 
|  11|0x0000000703a00000, 0x0000000703a00000, 0x0000000703c00000|  0%| F|  |TAMS 0x0000000703a00000, 0x0000000703a00000| Untracked 
|  12|0x0000000703c00000, 0x0000000703c00000, 0x0000000703e00000|  0%| F|  |TAMS 0x0000000703c00000, 0x0000000703c00000| Untracked 
|  13|0x0000000703e00000, 0x0000000703e00000, 0x0000000704000000|  0%| F|  |TAMS 0x0000000703e00000, 0x0000000703e00000| Untracked 
|  14|0x0000000704000000, 0x0000000704000000, 0x0000000704200000|  0%| F|  |TAMS 0x0000000704000000, 0x0000000704000000| Untracked 
|  15|0x0000000704200000, 0x0000000704200000, 0x0000000704400000|  0%| F|  |TAMS 0x0000000704200000, 0x0000000704200000| Untracked 
|  16|0x0000000704400000, 0x0000000704400000, 0x0000000704600000|  0%| F|  |TAMS 0x0000000704400000, 0x0000000704400000| Untracked 
|  17|0x0000000704600000, 0x0000000704600000, 0x0000000704800000|  0%| F|  |TAMS 0x0000000704600000, 0x0000000704600000| Untracked 
|  18|0x0000000704800000, 0x0000000704800000, 0x0000000704a00000|  0%| F|  |TAMS 0x0000000704800000, 0x0000000704800000| Untracked 
|  19|0x0000000704a00000, 0x0000000704a00000, 0x0000000704c00000|  0%| F|  |TAMS 0x0000000704a00000, 0x0000000704a00000| Untracked 
|  20|0x0000000704c00000, 0x0000000704c00000, 0x0000000704e00000|  0%| F|  |TAMS 0x0000000704c00000, 0x0000000704c00000| Untracked 
|  21|0x0000000704e00000, 0x0000000704e00000, 0x0000000705000000|  0%| F|  |TAMS 0x0000000704e00000, 0x0000000704e00000| Untracked 
|  22|0x0000000705000000, 0x0000000705000000, 0x0000000705200000|  0%| F|  |TAMS 0x0000000705000000, 0x0000000705000000| Untracked 
|  23|0x0000000705200000, 0x0000000705200000, 0x0000000705400000|  0%| F|  |TAMS 0x0000000705200000, 0x0000000705200000| Untracked 
|  24|0x0000000705400000, 0x0000000705400000, 0x0000000705600000|  0%| F|  |TAMS 0x0000000705400000, 0x0000000705400000| Untracked 
|  25|0x0000000705600000, 0x0000000705600000, 0x0000000705800000|  0%| F|  |TAMS 0x0000000705600000, 0x0000000705600000| Untracked 
|  26|0x0000000705800000, 0x0000000705800000, 0x0000000705a00000|  0%| F|  |TAMS 0x0000000705800000, 0x0000000705800000| Untracked 
|  27|0x0000000705a00000, 0x0000000705a00000, 0x0000000705c00000|  0%| F|  |TAMS 0x0000000705a00000, 0x0000000705a00000| Untracked 
|  28|0x0000000705c00000, 0x0000000705c00000, 0x0000000705e00000|  0%| F|  |TAMS 0x0000000705c00000, 0x0000000705c00000| Untracked 
|  29|0x0000000705e00000, 0x0000000705e00000, 0x0000000706000000|  0%| F|  |TAMS 0x0000000705e00000, 0x0000000705e00000| Untracked 
|  30|0x0000000706000000, 0x0000000706000000, 0x0000000706200000|  0%| F|  |TAMS 0x0000000706000000, 0x0000000706000000| Untracked 
|  31|0x0000000706200000, 0x0000000706200000, 0x0000000706400000|  0%| F|  |TAMS 0x0000000706200000, 0x0000000706200000| Untracked 
|  32|0x0000000706400000, 0x0000000706400000, 0x0000000706600000|  0%| F|  |TAMS 0x0000000706400000, 0x0000000706400000| Untracked 
|  33|0x0000000706600000, 0x0000000706600000, 0x0000000706800000|  0%| F|  |TAMS 0x0000000706600000, 0x0000000706600000| Untracked 
|  34|0x0000000706800000, 0x0000000706800000, 0x0000000706a00000|  0%| F|  |TAMS 0x0000000706800000, 0x0000000706800000| Untracked 
|  35|0x0000000706a00000, 0x0000000706a00000, 0x0000000706c00000|  0%| F|  |TAMS 0x0000000706a00000, 0x0000000706a00000| Untracked 
|  36|0x0000000706c00000, 0x0000000706c00000, 0x0000000706e00000|  0%| F|  |TAMS 0x0000000706c00000, 0x0000000706c00000| Untracked 
|  37|0x0000000706e00000, 0x0000000706e00000, 0x0000000707000000|  0%| F|  |TAMS 0x0000000706e00000, 0x0000000706e00000| Untracked 
|  38|0x0000000707000000, 0x0000000707000000, 0x0000000707200000|  0%| F|  |TAMS 0x0000000707000000, 0x0000000707000000| Untracked 
|  39|0x0000000707200000, 0x0000000707200000, 0x0000000707400000|  0%| F|  |TAMS 0x0000000707200000, 0x0000000707200000| Untracked 
|  40|0x0000000707400000, 0x0000000707400000, 0x0000000707600000|  0%| F|  |TAMS 0x0000000707400000, 0x0000000707400000| Untracked 
|  41|0x0000000707600000, 0x0000000707600000, 0x0000000707800000|  0%| F|  |TAMS 0x0000000707600000, 0x0000000707600000| Untracked 
|  42|0x0000000707800000, 0x0000000707800000, 0x0000000707a00000|  0%| F|  |TAMS 0x0000000707800000, 0x0000000707800000| Untracked 
|  43|0x0000000707a00000, 0x0000000707a00000, 0x0000000707c00000|  0%| F|  |TAMS 0x0000000707a00000, 0x0000000707a00000| Untracked 
|  44|0x0000000707c00000, 0x0000000707c00000, 0x0000000707e00000|  0%| F|  |TAMS 0x0000000707c00000, 0x0000000707c00000| Untracked 
|  45|0x0000000707e00000, 0x0000000707e00000, 0x0000000708000000|  0%| F|  |TAMS 0x0000000707e00000, 0x0000000707e00000| Untracked 
|  46|0x0000000708000000, 0x0000000708000000, 0x0000000708200000|  0%| F|  |TAMS 0x0000000708000000, 0x0000000708000000| Untracked 
|  47|0x0000000708200000, 0x0000000708200000, 0x0000000708400000|  0%| F|  |TAMS 0x0000000708200000, 0x0000000708200000| Untracked 
|  48|0x0000000708400000, 0x0000000708400000, 0x0000000708600000|  0%| F|  |TAMS 0x0000000708400000, 0x0000000708400000| Untracked 
|  49|0x0000000708600000, 0x0000000708600000, 0x0000000708800000|  0%| F|  |TAMS 0x0000000708600000, 0x0000000708600000| Untracked 
|  50|0x0000000708800000, 0x0000000708800000, 0x0000000708a00000|  0%| F|  |TAMS 0x0000000708800000, 0x0000000708800000| Untracked 
|  51|0x0000000708a00000, 0x0000000708a00000, 0x0000000708c00000|  0%| F|  |TAMS 0x0000000708a00000, 0x0000000708a00000| Untracked 
|  52|0x0000000708c00000, 0x0000000708c00000, 0x0000000708e00000|  0%| F|  |TAMS 0x0000000708c00000, 0x0000000708c00000| Untracked 
|  53|0x0000000708e00000, 0x0000000708e00000, 0x0000000709000000|  0%| F|  |TAMS 0x0000000708e00000, 0x0000000708e00000| Untracked 
|  54|0x0000000709000000, 0x0000000709000000, 0x0000000709200000|  0%| F|  |TAMS 0x0000000709000000, 0x0000000709000000| Untracked 
|  55|0x0000000709200000, 0x0000000709200000, 0x0000000709400000|  0%| F|  |TAMS 0x0000000709200000, 0x0000000709200000| Untracked 
|  56|0x0000000709400000, 0x0000000709400000, 0x0000000709600000|  0%| F|  |TAMS 0x0000000709400000, 0x0000000709400000| Untracked 
|  57|0x0000000709600000, 0x0000000709600000, 0x0000000709800000|  0%| F|  |TAMS 0x0000000709600000, 0x0000000709600000| Untracked 
|  58|0x0000000709800000, 0x0000000709800000, 0x0000000709a00000|  0%| F|  |TAMS 0x0000000709800000, 0x0000000709800000| Untracked 
|  59|0x0000000709a00000, 0x0000000709a00000, 0x0000000709c00000|  0%| F|  |TAMS 0x0000000709a00000, 0x0000000709a00000| Untracked 
|  60|0x0000000709c00000, 0x0000000709c00000, 0x0000000709e00000|  0%| F|  |TAMS 0x0000000709c00000, 0x0000000709c00000| Untracked 
|  61|0x0000000709e00000, 0x0000000709e00000, 0x000000070a000000|  0%| F|  |TAMS 0x0000000709e00000, 0x0000000709e00000| Untracked 
|  62|0x000000070a000000, 0x000000070a000000, 0x000000070a200000|  0%| F|  |TAMS 0x000000070a000000, 0x000000070a000000| Untracked 
|  63|0x000000070a200000, 0x000000070a200000, 0x000000070a400000|  0%| F|  |TAMS 0x000000070a200000, 0x000000070a200000| Untracked 
|  64|0x000000070a400000, 0x000000070a400000, 0x000000070a600000|  0%| F|  |TAMS 0x000000070a400000, 0x000000070a400000| Untracked 
|  65|0x000000070a600000, 0x000000070a600000, 0x000000070a800000|  0%| F|  |TAMS 0x000000070a600000, 0x000000070a600000| Untracked 
|  66|0x000000070a800000, 0x000000070a800000, 0x000000070aa00000|  0%| F|  |TAMS 0x000000070a800000, 0x000000070a800000| Untracked 
|  67|0x000000070aa00000, 0x000000070aa00000, 0x000000070ac00000|  0%| F|  |TAMS 0x000000070aa00000, 0x000000070aa00000| Untracked 
|  68|0x000000070ac00000, 0x000000070ac00000, 0x000000070ae00000|  0%| F|  |TAMS 0x000000070ac00000, 0x000000070ac00000| Untracked 
|  69|0x000000070ae00000, 0x000000070ae00000, 0x000000070b000000|  0%| F|  |TAMS 0x000000070ae00000, 0x000000070ae00000| Untracked 
|  70|0x000000070b000000, 0x000000070b000000, 0x000000070b200000|  0%| F|  |TAMS 0x000000070b000000, 0x000000070b000000| Untracked 
|  71|0x000000070b200000, 0x000000070b200000, 0x000000070b400000|  0%| F|  |TAMS 0x000000070b200000, 0x000000070b200000| Untracked 
|  72|0x000000070b400000, 0x000000070b400000, 0x000000070b600000|  0%| F|  |TAMS 0x000000070b400000, 0x000000070b400000| Untracked 
|  73|0x000000070b600000, 0x000000070b600000, 0x000000070b800000|  0%| F|  |TAMS 0x000000070b600000, 0x000000070b600000| Untracked 
|  74|0x000000070b800000, 0x000000070b800000, 0x000000070ba00000|  0%| F|  |TAMS 0x000000070b800000, 0x000000070b800000| Untracked 
|  75|0x000000070ba00000, 0x000000070ba00000, 0x000000070bc00000|  0%| F|  |TAMS 0x000000070ba00000, 0x000000070ba00000| Untracked 
|  76|0x000000070bc00000, 0x000000070bc00000, 0x000000070be00000|  0%| F|  |TAMS 0x000000070bc00000, 0x000000070bc00000| Untracked 
|  77|0x000000070be00000, 0x000000070be00000, 0x000000070c000000|  0%| F|  |TAMS 0x000000070be00000, 0x000000070be00000| Untracked 
|  78|0x000000070c000000, 0x000000070c000000, 0x000000070c200000|  0%| F|  |TAMS 0x000000070c000000, 0x000000070c000000| Untracked 
|  79|0x000000070c200000, 0x000000070c200000, 0x000000070c400000|  0%| F|  |TAMS 0x000000070c200000, 0x000000070c200000| Untracked 
|  80|0x000000070c400000, 0x000000070c400000, 0x000000070c600000|  0%| F|  |TAMS 0x000000070c400000, 0x000000070c400000| Untracked 
|  81|0x000000070c600000, 0x000000070c600000, 0x000000070c800000|  0%| F|  |TAMS 0x000000070c600000, 0x000000070c600000| Untracked 
|  82|0x000000070c800000, 0x000000070c800000, 0x000000070ca00000|  0%| F|  |TAMS 0x000000070c800000, 0x000000070c800000| Untracked 
|  83|0x000000070ca00000, 0x000000070ca00000, 0x000000070cc00000|  0%| F|  |TAMS 0x000000070ca00000, 0x000000070ca00000| Untracked 
|  84|0x000000070cc00000, 0x000000070cc00000, 0x000000070ce00000|  0%| F|  |TAMS 0x000000070cc00000, 0x000000070cc00000| Untracked 
|  85|0x000000070ce00000, 0x000000070ce00000, 0x000000070d000000|  0%| F|  |TAMS 0x000000070ce00000, 0x000000070ce00000| Untracked 
|  86|0x000000070d000000, 0x000000070d000000, 0x000000070d200000|  0%| F|  |TAMS 0x000000070d000000, 0x000000070d000000| Untracked 
|  87|0x000000070d200000, 0x000000070d200000, 0x000000070d400000|  0%| F|  |TAMS 0x000000070d200000, 0x000000070d200000| Untracked 
|  88|0x000000070d400000, 0x000000070d400000, 0x000000070d600000|  0%| F|  |TAMS 0x000000070d400000, 0x000000070d400000| Untracked 
|  89|0x000000070d600000, 0x000000070d600000, 0x000000070d800000|  0%| F|  |TAMS 0x000000070d600000, 0x000000070d600000| Untracked 
|  90|0x000000070d800000, 0x000000070d800000, 0x000000070da00000|  0%| F|  |TAMS 0x000000070d800000, 0x000000070d800000| Untracked 
|  91|0x000000070da00000, 0x000000070da00000, 0x000000070dc00000|  0%| F|  |TAMS 0x000000070da00000, 0x000000070da00000| Untracked 
|  92|0x000000070dc00000, 0x000000070dc00000, 0x000000070de00000|  0%| F|  |TAMS 0x000000070dc00000, 0x000000070dc00000| Untracked 
|  93|0x000000070de00000, 0x000000070de00000, 0x000000070e000000|  0%| F|  |TAMS 0x000000070de00000, 0x000000070de00000| Untracked 
|  94|0x000000070e000000, 0x000000070e000000, 0x000000070e200000|  0%| F|  |TAMS 0x000000070e000000, 0x000000070e000000| Untracked 
|  95|0x000000070e200000, 0x000000070e200000, 0x000000070e400000|  0%| F|  |TAMS 0x000000070e200000, 0x000000070e200000| Untracked 
|  96|0x000000070e400000, 0x000000070e400000, 0x000000070e600000|  0%| F|  |TAMS 0x000000070e400000, 0x000000070e400000| Untracked 
|  97|0x000000070e600000, 0x000000070e600000, 0x000000070e800000|  0%| F|  |TAMS 0x000000070e600000, 0x000000070e600000| Untracked 
|  98|0x000000070e800000, 0x000000070e800000, 0x000000070ea00000|  0%| F|  |TAMS 0x000000070e800000, 0x000000070e800000| Untracked 
|  99|0x000000070ea00000, 0x000000070ea00000, 0x000000070ec00000|  0%| F|  |TAMS 0x000000070ea00000, 0x000000070ea00000| Untracked 
| 100|0x000000070ec00000, 0x000000070ec00000, 0x000000070ee00000|  0%| F|  |TAMS 0x000000070ec00000, 0x000000070ec00000| Untracked 
| 101|0x000000070ee00000, 0x000000070ee00000, 0x000000070f000000|  0%| F|  |TAMS 0x000000070ee00000, 0x000000070ee00000| Untracked 
| 102|0x000000070f000000, 0x000000070f000000, 0x000000070f200000|  0%| F|  |TAMS 0x000000070f000000, 0x000000070f000000| Untracked 
| 103|0x000000070f200000, 0x000000070f200000, 0x000000070f400000|  0%| F|  |TAMS 0x000000070f200000, 0x000000070f200000| Untracked 
| 104|0x000000070f400000, 0x000000070f400000, 0x000000070f600000|  0%| F|  |TAMS 0x000000070f400000, 0x000000070f400000| Untracked 
| 105|0x000000070f600000, 0x000000070f600000, 0x000000070f800000|  0%| F|  |TAMS 0x000000070f600000, 0x000000070f600000| Untracked 
| 106|0x000000070f800000, 0x000000070f800000, 0x000000070fa00000|  0%| F|  |TAMS 0x000000070f800000, 0x000000070f800000| Untracked 
| 107|0x000000070fa00000, 0x000000070fa00000, 0x000000070fc00000|  0%| F|  |TAMS 0x000000070fa00000, 0x000000070fa00000| Untracked 
| 108|0x000000070fc00000, 0x000000070fc00000, 0x000000070fe00000|  0%| F|  |TAMS 0x000000070fc00000, 0x000000070fc00000| Untracked 
| 109|0x000000070fe00000, 0x000000070fe00000, 0x0000000710000000|  0%| F|  |TAMS 0x000000070fe00000, 0x000000070fe00000| Untracked 
| 110|0x0000000710000000, 0x0000000710000000, 0x0000000710200000|  0%| F|  |TAMS 0x0000000710000000, 0x0000000710000000| Untracked 
| 111|0x0000000710200000, 0x0000000710200000, 0x0000000710400000|  0%| F|  |TAMS 0x0000000710200000, 0x0000000710200000| Untracked 
| 112|0x0000000710400000, 0x0000000710400000, 0x0000000710600000|  0%| F|  |TAMS 0x0000000710400000, 0x0000000710400000| Untracked 
| 113|0x0000000710600000, 0x0000000710600000, 0x0000000710800000|  0%| F|  |TAMS 0x0000000710600000, 0x0000000710600000| Untracked 
| 114|0x0000000710800000, 0x0000000710800000, 0x0000000710a00000|  0%| F|  |TAMS 0x0000000710800000, 0x0000000710800000| Untracked 
| 115|0x0000000710a00000, 0x0000000710a00000, 0x0000000710c00000|  0%| F|  |TAMS 0x0000000710a00000, 0x0000000710a00000| Untracked 
| 116|0x0000000710c00000, 0x0000000710c00000, 0x0000000710e00000|  0%| F|  |TAMS 0x0000000710c00000, 0x0000000710c00000| Untracked 
| 117|0x0000000710e00000, 0x0000000710e74340, 0x0000000711000000| 22%| S|CS|TAMS 0x0000000710e00000, 0x0000000710e00000| Complete 
| 118|0x0000000711000000, 0x0000000711000000, 0x0000000711200000|  0%| F|  |TAMS 0x0000000711000000, 0x0000000711000000| Untracked 
| 119|0x0000000711200000, 0x0000000711200000, 0x0000000711400000|  0%| F|  |TAMS 0x0000000711200000, 0x0000000711200000| Untracked 
| 120|0x0000000711400000, 0x00000007115a3258, 0x0000000711600000| 81%| E|  |TAMS 0x0000000711400000, 0x0000000711400000| Complete 
| 121|0x0000000711600000, 0x0000000711800000, 0x0000000711800000|100%| E|CS|TAMS 0x0000000711600000, 0x0000000711600000| Complete 
| 122|0x0000000711800000, 0x0000000711a00000, 0x0000000711a00000|100%| E|CS|TAMS 0x0000000711800000, 0x0000000711800000| Complete 
| 123|0x0000000711a00000, 0x0000000711c00000, 0x0000000711c00000|100%| E|CS|TAMS 0x0000000711a00000, 0x0000000711a00000| Complete 
| 124|0x0000000711c00000, 0x0000000711e00000, 0x0000000711e00000|100%| E|CS|TAMS 0x0000000711c00000, 0x0000000711c00000| Complete 
| 125|0x0000000711e00000, 0x0000000712000000, 0x0000000712000000|100%| E|CS|TAMS 0x0000000711e00000, 0x0000000711e00000| Complete 
| 126|0x0000000712000000, 0x0000000712200000, 0x0000000712200000|100%| E|CS|TAMS 0x0000000712000000, 0x0000000712000000| Complete 

Card table byte_map: [0x000001f9fe030000,0x000001f9fe820000] _byte_map_base: 0x000001f9fa81e000

Marking Bits (Prev, Next): (CMBitMap*) 0x000001f9fb535610, (CMBitMap*) 0x000001f9fb535650
 Prev Bits: [0x000001f997160000, 0x000001f99b0d0000)
 Next Bits: [0x000001f99b0d0000, 0x000001f99f040000)

Polling page: 0x000001f9fb360000

Metaspace:

Usage:
  Non-class:     13.03 MB capacity,    12.88 MB ( 99%) used,   131.12 KB ( <1%) free+waste,    17.44 KB ( <1%) overhead. 
      Class:      1.60 MB capacity,     1.54 MB ( 96%) used,    62.29 KB (  4%) free+waste,     6.44 KB ( <1%) overhead. 
       Both:     14.63 MB capacity,    14.42 MB ( 99%) used,   193.41 KB (  1%) free+waste,    23.88 KB ( <1%) overhead. 

Virtual space:
  Non-class space:       14.00 MB reserved,      13.25 MB ( 95%) committed 
      Class space:        1.00 GB reserved,       1.63 MB ( <1%) committed 
             Both:        1.01 GB reserved,      14.88 MB (  1%) committed 

Chunk freelists:
   Non-Class:  35.00 KB
       Class:  23.00 KB
        Both:  58.00 KB

MaxMetaspaceSize: 17179869184.00 GB
CompressedClassSpaceSize: 1.00 GB

CodeHeap 'non-profiled nmethods': size=120000Kb used=1591Kb max_used=1591Kb free=118408Kb
 bounds [0x000001f98fc30000, 0x000001f98fea0000, 0x000001f997160000]
CodeHeap 'profiled nmethods': size=120000Kb used=6300Kb max_used=6300Kb free=113699Kb
 bounds [0x000001f988700000, 0x000001f988d30000, 0x000001f98fc30000]
CodeHeap 'non-nmethods': size=5760Kb used=1368Kb max_used=1415Kb free=4391Kb
 bounds [0x000001f988160000, 0x000001f9883d0000, 0x000001f988700000]
 total_blobs=3763 nmethods=3084 adapters=589
 compilation: enabled
              stopped_count=0, restarted_count=0
 full_count=0

Compilation events (20 events):
Event: 64.027 Thread 0x000001f9ffb451b0 3076       3       javax.swing.AbstractButton$Handler::stateChanged (68 bytes)
Event: 64.027 Thread 0x000001f9ffb451b0 nmethod 3076 0x000001f988d21510 code [0x000001f988d21720, 0x000001f988d21fd8]
Event: 64.027 Thread 0x000001f9ffb451b0 3077       3       javax.swing.AbstractButton::fireStateChanged (69 bytes)
Event: 64.027 Thread 0x000001f9ffb451b0 nmethod 3077 0x000001f988d22290 code [0x000001f988d22480, 0x000001f988d22bc8]
Event: 64.027 Thread 0x000001f9ffb451b0 3078       3       javax.swing.plaf.basic.BasicButtonListener::stateChanged (13 bytes)
Event: 64.027 Thread 0x000001f9ffb451b0 nmethod 3078 0x000001f988d22e10 code [0x000001f988d22fc0, 0x000001f988d23328]
Event: 64.028 Thread 0x000001f9ffb3ee50 3079       4       java.util.IdentityHashMap$IdentityHashMapIterator::hasNext (50 bytes)
Event: 64.030 Thread 0x000001f9ffb3ee50 nmethod 3079 0x000001f98fdbd990 code [0x000001f98fdbdb20, 0x000001f98fdbdcf8]
Event: 64.108 Thread 0x000001f9ffb451b0 3080       3       sun.awt.SunDisplayChanger::add (61 bytes)
Event: 64.108 Thread 0x000001f9ffb451b0 nmethod 3080 0x000001f988d23410 code [0x000001f988d23660, 0x000001f988d23ef8]
Event: 64.351 Thread 0x000001f9ffb451b0 3081   !   3       javax.swing.plaf.nimbus.SynthPainterImpl::paint (163 bytes)
Event: 64.352 Thread 0x000001f9ffb451b0 nmethod 3081 0x000001f988d24190 code [0x000001f988d24440, 0x000001f988d25448]
Event: 64.352 Thread 0x000001f9ffb451b0 3082       3       sun.java2d.marlin.DTransformingPathConsumer2D$PathClipFilter::closePath (49 bytes)
Event: 64.353 Thread 0x000001f9ffb451b0 nmethod 3082 0x000001f988d25990 code [0x000001f988d25b60, 0x000001f988d25f28]
Event: 64.353 Thread 0x000001f9ffb451b0 3083       3       sun.java2d.marlin.DTransformingPathConsumer2D$PathClipFilter::pathDone (18 bytes)
Event: 64.353 Thread 0x000001f9ffb451b0 nmethod 3083 0x000001f988d26090 code [0x000001f988d26280, 0x000001f988d26688]
Event: 64.353 Thread 0x000001f9ffb451b0 3084       3       sun.java2d.marlin.DTransformingPathConsumer2D$PathClipFilter::dispose (8 bytes)
Event: 64.353 Thread 0x000001f9ffb451b0 nmethod 3084 0x000001f988d26810 code [0x000001f988d269c0, 0x000001f988d26b08]
Event: 64.353 Thread 0x000001f9ffb451b0 3085       3       sun.java2d.marlin.DHelpers$IndexStack::dispose (54 bytes)
Event: 64.353 Thread 0x000001f9ffb451b0 nmethod 3085 0x000001f988d26c10 code [0x000001f988d26dc0, 0x000001f988d27008]

GC Heap History (4 events):
Event: 5.261 GC heap before
{Heap before GC invocations=0 (full 0):
 garbage-first heap   total 260096K, used 26624K [0x0000000702400000, 0x0000000800000000)
  region size 2048K, 11 young (22528K), 0 survivors (0K)
 Metaspace       used 13677K, capacity 13862K, committed 13952K, reserved 1060864K
  class space    used 1553K, capacity 1609K, committed 1664K, reserved 1048576K
}
Event: 5.265 GC heap after
{Heap after GC invocations=1 (full 0):
 garbage-first heap   total 260096K, used 10165K [0x0000000702400000, 0x0000000800000000)
  region size 2048K, 2 young (4096K), 2 survivors (4096K)
 Metaspace       used 13677K, capacity 13862K, committed 13952K, reserved 1060864K
  class space    used 1553K, capacity 1609K, committed 1664K, reserved 1048576K
}
Event: 40.047 GC heap before
{Heap before GC invocations=1 (full 0):
 garbage-first heap   total 260096K, used 40885K [0x0000000702400000, 0x0000000800000000)
  region size 2048K, 11 young (22528K), 2 survivors (4096K)
 Metaspace       used 14343K, capacity 14502K, committed 14720K, reserved 1062912K
  class space    used 1562K, capacity 1609K, committed 1664K, reserved 1048576K
}
Event: 40.050 GC heap after
{Heap after GC invocations=2 (full 0):
 garbage-first heap   total 260096K, used 22984K [0x0000000702400000, 0x0000000800000000)
  region size 2048K, 1 young (2048K), 1 survivors (2048K)
 Metaspace       used 14343K, capacity 14502K, committed 14720K, reserved 1062912K
  class space    used 1562K, capacity 1609K, committed 1664K, reserved 1048576K
}

Deoptimization events (20 events):
Event: 46.223 Thread 0x000001f9a1a31b90 DEOPT PACKING pc=0x000001f98fd414b4 sp=0x00000088e8efee70
Event: 46.223 Thread 0x000001f9a1a31b90 DEOPT UNPACKING pc=0x000001f9881ae42f sp=0x00000088e8efede0 mode 2
Event: 46.277 Thread 0x000001f9a1a31b90 Uncommon trap: trap_request=0xffffffde fr.pc=0x000001f98fd2f798 relative=0x0000000000000718
Event: 46.277 Thread 0x000001f9a1a31b90 Uncommon trap: reason=class_check action=maybe_recompile pc=0x000001f98fd2f798 method=java.awt.EventQueue.setCurrentEventAndMostRecentTimeImpl(Ljava/awt/AWTEvent;)V @ 59 c2
Event: 46.277 Thread 0x000001f9a1a31b90 DEOPT PACKING pc=0x000001f98fd2f798 sp=0x00000088e8efea50
Event: 46.277 Thread 0x000001f9a1a31b90 DEOPT UNPACKING pc=0x000001f9881ae42f sp=0x00000088e8efe9f0 mode 2
Event: 46.277 Thread 0x000001f9a1a31b90 Uncommon trap: trap_request=0xffffffde fr.pc=0x000001f98fd414b4 relative=0x0000000000001054
Event: 46.277 Thread 0x000001f9a1a31b90 Uncommon trap: reason=class_check action=maybe_recompile pc=0x000001f98fd414b4 method=java.awt.AWTEvent.dispatched()V @ 11 c2
Event: 46.277 Thread 0x000001f9a1a31b90 DEOPT PACKING pc=0x000001f98fd414b4 sp=0x00000088e8efee70
Event: 46.277 Thread 0x000001f9a1a31b90 DEOPT UNPACKING pc=0x000001f9881ae42f sp=0x00000088e8efede0 mode 2
Event: 47.572 Thread 0x000001f9a1a31b90 Uncommon trap: trap_request=0xffffff45 fr.pc=0x000001f98fd806f8 relative=0x0000000000000058
Event: 47.572 Thread 0x000001f9a1a31b90 Uncommon trap: reason=unstable_if action=reinterpret pc=0x000001f98fd806f8 method=javax.swing.JComponent.processMouseMotionEvent(Ljava/awt/event/MouseEvent;)V @ 16 c2
Event: 47.572 Thread 0x000001f9a1a31b90 DEOPT PACKING pc=0x000001f98fd806f8 sp=0x00000088e8efeb10
Event: 47.572 Thread 0x000001f9a1a31b90 DEOPT UNPACKING pc=0x000001f9881ae42f sp=0x00000088e8efea90 mode 2
Event: 53.828 Thread 0x000001f9a1a31b90 DEOPT PACKING pc=0x000001f988cb64da sp=0x00000088e8efcb30
Event: 53.828 Thread 0x000001f9a1a31b90 DEOPT UNPACKING pc=0x000001f9881ae23f sp=0x00000088e8efbf70 mode 0
Event: 64.353 Thread 0x000001f9a1a31b90 Uncommon trap: trap_request=0xffffff45 fr.pc=0x000001f98fd48930 relative=0x0000000000001d90
Event: 64.353 Thread 0x000001f9a1a31b90 Uncommon trap: reason=unstable_if action=reinterpret pc=0x000001f98fd48930 method=sun.java2d.marlin.DRenderer._endRendering(II)V @ 2028 c2
Event: 64.353 Thread 0x000001f9a1a31b90 DEOPT PACKING pc=0x000001f98fd48930 sp=0x00000088e8efc5b0
Event: 64.353 Thread 0x000001f9a1a31b90 DEOPT UNPACKING pc=0x000001f9881ae42f sp=0x00000088e8efc3b8 mode 2

Classes unloaded (0 events):
No events

Classes redefined (0 events):
No events

Internal exceptions (20 events):
Event: 0.334 Thread 0x000001f9fb4e2930 Exception <a 'java/lang/ClassNotFoundException'{0x0000000711d41138}: ToolBar> (0x0000000711d41138) 
thrown [./open/src/hotspot/share/classfile/systemDictionary.cpp, line 295]
Event: 0.334 Thread 0x000001f9fb4e2930 Exception <a 'java/lang/ClassNotFoundException'{0x0000000711d41630}: ToolBar> (0x0000000711d41630) 
thrown [./open/src/hotspot/share/classfile/systemDictionary.cpp, line 295]
Event: 0.334 Thread 0x000001f9fb4e2930 Exception <a 'java/lang/ClassNotFoundException'{0x0000000711d41990}: Button> (0x0000000711d41990) 
thrown [./open/src/hotspot/share/classfile/systemDictionary.cpp, line 295]
Event: 0.334 Thread 0x000001f9fb4e2930 Exception <a 'java/lang/ClassNotFoundException'{0x0000000711d41e58}: ToolBar> (0x0000000711d41e58) 
thrown [./open/src/hotspot/share/classfile/systemDictionary.cpp, line 295]
Event: 0.334 Thread 0x000001f9fb4e2930 Exception <a 'java/lang/ClassNotFoundException'{0x0000000711d421c8}: ToggleButton> (0x0000000711d421c8) 
thrown [./open/src/hotspot/share/classfile/systemDictionary.cpp, line 295]
Event: 0.334 Thread 0x000001f9fb4e2930 Exception <a 'java/lang/ClassNotFoundException'{0x0000000711d42608}: javax/swing/JToolBarSeparator> (0x0000000711d42608) 
thrown [./open/src/hotspot/share/classfile/systemDictionary.cpp, line 295]
Event: 0.334 Thread 0x000001f9fb4e2930 Exception <a 'java/lang/ClassNotFoundException'{0x0000000711d42910}: ToolBarSeparator> (0x0000000711d42910) 
thrown [./open/src/hotspot/share/classfile/systemDictionary.cpp, line 295]
Event: 0.335 Thread 0x000001f9fb4e2930 Exception <a 'java/lang/ClassNotFoundException'{0x0000000711d42e28}: ToolTip> (0x0000000711d42e28) 
thrown [./open/src/hotspot/share/classfile/systemDictionary.cpp, line 295]
Event: 0.336 Thread 0x000001f9fb4e2930 Exception <a 'java/lang/ClassNotFoundException'{0x0000000711d43778}: Tree> (0x0000000711d43778) 
thrown [./open/src/hotspot/share/classfile/systemDictionary.cpp, line 295]
Event: 0.336 Thread 0x000001f9fb4e2930 Exception <a 'java/lang/ClassNotFoundException'{0x0000000711d43c70}: Tree> (0x0000000711d43c70) 
thrown [./open/src/hotspot/share/classfile/systemDictionary.cpp, line 295]
Event: 0.336 Thread 0x000001f9fb4e2930 Exception <a 'java/lang/ClassNotFoundException'{0x0000000711d43fe0}: javax/swing/JTreeCell> (0x0000000711d43fe0) 
thrown [./open/src/hotspot/share/classfile/systemDictionary.cpp, line 295]
Event: 0.336 Thread 0x000001f9fb4e2930 Exception <a 'java/lang/ClassNotFoundException'{0x0000000711d442e0}: TreeCell> (0x0000000711d442e0) 
thrown [./open/src/hotspot/share/classfile/systemDictionary.cpp, line 295]
Event: 0.337 Thread 0x000001f9fb4e2930 Exception <a 'java/lang/ClassNotFoundException'{0x0000000711d44aa0}: RootPane> (0x0000000711d44aa0) 
thrown [./open/src/hotspot/share/classfile/systemDictionary.cpp, line 295]
Event: 0.339 Thread 0x000001f9fb4e2930 Exception <a 'java/lang/ClassNotFoundException'{0x0000000711d478f0}: com/sun/swing/internal/plaf/metal/resources/spi/metalProvider> (0x0000000711d478f0) 
thrown [./open/src/hotspot/share/classfile/systemDictionary.cpp, line 295]
Event: 0.339 Thread 0x000001f9fb4e2930 Exception <a 'java/lang/ClassNotFoundException'{0x0000000711d4b6e8}: com/sun/swing/internal/plaf/basic/resources/spi/basicProvider> (0x0000000711d4b6e8) 
thrown [./open/src/hotspot/share/classfile/systemDictionary.cpp, line 295]
Event: 0.484 Thread 0x000001f9a1a31b90 Exception <a 'java/lang/ClassNotFoundException'{0x0000000711de2d50}: com/sun/swing/internal/plaf/synth/resources/spi/synthProvider> (0x0000000711de2d50) 
thrown [./open/src/hotspot/share/classfile/systemDictionary.cpp, line 295]
Event: 0.778 Thread 0x000001f9a91e6e40 Implicit null exception at 0x000001f98fc74f57 to 0x000001f98fc754a0
Event: 0.778 Thread 0x000001f9a91e6e40 Implicit null exception at 0x000001f98fc74154 to 0x000001f98fc7468c
Event: 0.799 Thread 0x000001f9a91e6e40 Exception <a 'java/lang/NoSuchMethodError'{0x000000071178d468}: 'java.lang.Object java.lang.invoke.DirectMethodHandle$Holder.newInvokeSpecial(java.lang.Object, java.lang.Object, java.lang.Object, int, int, int, int, int)'> (0x000000071178d468) 
thrown [./open/src/hotspot/share/interpreter/linkResolver.cpp, line 782]
Event: 1.051 Thread 0x000001f9a1a31b90 Exception <a 'java/lang/NoSuchMethodError'{0x00000007110daf30}: 'void java.lang.invoke.DirectMethodHandle$Holder.invokeStaticInit(java.lang.Object)'> (0x00000007110daf30) 
thrown [./open/src/hotspot/share/interpreter/linkResolver.cpp, line 782]

Events (20 events):
Event: 45.974 loading class javax/swing/KeyboardManager
Event: 45.975 loading class javax/swing/KeyboardManager done
Event: 45.975 loading class javax/swing/Popup$HeavyWeightWindow
Event: 45.975 loading class sun/awt/ModalExclude
Event: 45.975 loading class sun/awt/ModalExclude done
Event: 45.975 loading class javax/swing/JWindow
Event: 45.975 loading class javax/swing/JWindow done
Event: 45.975 loading class javax/swing/Popup$HeavyWeightWindow done
Event: 46.222 loading class javax/swing/JComponent$ActionStandin
Event: 46.222 loading class javax/swing/JComponent$ActionStandin done
Event: 49.055 Executing VM operation: HandshakeAllThreads
Event: 49.055 Executing VM operation: HandshakeAllThreads done
Event: 50.157 Thread 0x000001f9a1cd2a70 Thread added: 0x000001f9a1cd2a70
Event: 51.056 Executing VM operation: HandshakeAllThreads
Event: 51.056 Executing VM operation: HandshakeAllThreads done
Event: 55.159 Thread 0x000001f9a1cd2a70 Thread exited: 0x000001f9a1cd2a70
Event: 56.060 Executing VM operation: HandshakeAllThreads
Event: 56.060 Executing VM operation: HandshakeAllThreads done
Event: 64.353 Executing VM operation: HandshakeAllThreads
Event: 64.354 Executing VM operation: HandshakeAllThreads done


Dynamic libraries:
0x00007ff672340000 - 0x00007ff67234f000 	C:\Program Files\Java\jdk-15.0.1\bin\java.exe
0x00007ffc4af20000 - 0x00007ffc4b110000 	C:\WINDOWS\SYSTEM32\ntdll.dll
0x00007ffc4a000000 - 0x00007ffc4a0b2000 	C:\WINDOWS\System32\KERNEL32.DLL
0x00007ffc48a20000 - 0x00007ffc48cc5000 	C:\WINDOWS\System32\KERNELBASE.dll
0x00007ffc47fe0000 - 0x00007ffc480da000 	C:\WINDOWS\System32\ucrtbase.dll
0x00007ffc24700000 - 0x00007ffc24719000 	C:\Program Files\Java\jdk-15.0.1\bin\VCRUNTIME140.dll
0x00007ffc1cf10000 - 0x00007ffc1cf28000 	C:\Program Files\Java\jdk-15.0.1\bin\jli.dll
0x00007ffc49240000 - 0x00007ffc492e3000 	C:\WINDOWS\System32\ADVAPI32.dll
0x00007ffc48fd0000 - 0x00007ffc4906e000 	C:\WINDOWS\System32\msvcrt.dll
0x00007ffc491a0000 - 0x00007ffc49237000 	C:\WINDOWS\System32\sechost.dll
0x00007ffc49df0000 - 0x00007ffc49f10000 	C:\WINDOWS\System32\RPCRT4.dll
0x00007ffc4a860000 - 0x00007ffc4a9f4000 	C:\WINDOWS\System32\USER32.dll
0x00007ffc489c0000 - 0x00007ffc489e1000 	C:\WINDOWS\System32\win32u.dll
0x00007ffc306c0000 - 0x00007ffc30944000 	C:\WINDOWS\WinSxS\amd64_microsoft.windows.common-controls_6595b64144ccf1df_6.0.18362.1256_none_9e7e379be45e40e2\COMCTL32.dll
0x00007ffc49160000 - 0x00007ffc49186000 	C:\WINDOWS\System32\GDI32.dll
0x00007ffc4ab40000 - 0x00007ffc4ae76000 	C:\WINDOWS\System32\combase.dll
0x00007ffc48cf0000 - 0x00007ffc48e86000 	C:\WINDOWS\System32\gdi32full.dll
0x00007ffc47f40000 - 0x00007ffc47fde000 	C:\WINDOWS\System32\msvcp_win.dll
0x00007ffc48f40000 - 0x00007ffc48fc1000 	C:\WINDOWS\System32\bcryptPrimitives.dll
0x00007ffc405a0000 - 0x00007ffc405aa000 	C:\WINDOWS\SYSTEM32\VERSION.dll
0x00007ffc49350000 - 0x00007ffc4937e000 	C:\WINDOWS\System32\IMM32.DLL
0x00007ffc310a0000 - 0x00007ffc310ac000 	C:\Program Files\Java\jdk-15.0.1\bin\vcruntime140_1.dll
0x00007ffbe1cd0000 - 0x00007ffbe1d61000 	C:\Program Files\Java\jdk-15.0.1\bin\msvcp140.dll
0x00007ffbcd420000 - 0x00007ffbcdf7e000 	C:\Program Files\Java\jdk-15.0.1\bin\server\jvm.dll
0x00007ffc494f0000 - 0x00007ffc494f8000 	C:\WINDOWS\System32\PSAPI.DLL
0x00007ffc45cf0000 - 0x00007ffc45d14000 	C:\WINDOWS\SYSTEM32\WINMM.dll
0x00007ffc32800000 - 0x00007ffc32809000 	C:\WINDOWS\SYSTEM32\WSOCK32.dll
0x00007ffc49f90000 - 0x00007ffc49fff000 	C:\WINDOWS\System32\WS2_32.dll
0x00007ffc45cc0000 - 0x00007ffc45ced000 	C:\WINDOWS\SYSTEM32\WINMMBASE.dll
0x00007ffc48ef0000 - 0x00007ffc48f3a000 	C:\WINDOWS\System32\cfgmgr32.dll
0x00007ffc47dd0000 - 0x00007ffc47de1000 	C:\WINDOWS\System32\kernel.appcore.dll
0x00007ffc31030000 - 0x00007ffc3103a000 	C:\Program Files\Java\jdk-15.0.1\bin\jimage.dll
0x00007ffc32540000 - 0x00007ffc32734000 	C:\WINDOWS\SYSTEM32\DBGHELP.DLL
0x00007ffc31b00000 - 0x00007ffc31b2a000 	C:\WINDOWS\SYSTEM32\dbgcore.DLL
0x00007ffbfdce0000 - 0x00007ffbfdd05000 	C:\Program Files\Java\jdk-15.0.1\bin\java.dll
0x00007ffc49650000 - 0x00007ffc49d37000 	C:\WINDOWS\System32\SHELL32.dll
0x00007ffc4a7b0000 - 0x00007ffc4a859000 	C:\WINDOWS\System32\shcore.dll
0x00007ffc48230000 - 0x00007ffc489b1000 	C:\WINDOWS\System32\windows.storage.dll
0x00007ffc47e60000 - 0x00007ffc47e83000 	C:\WINDOWS\System32\profapi.dll
0x00007ffc47e10000 - 0x00007ffc47e5a000 	C:\WINDOWS\System32\powrprof.dll
0x00007ffc47dc0000 - 0x00007ffc47dd0000 	C:\WINDOWS\System32\UMPDC.dll
0x00007ffc495d0000 - 0x00007ffc49622000 	C:\WINDOWS\System32\shlwapi.dll
0x00007ffc48cd0000 - 0x00007ffc48ce7000 	C:\WINDOWS\System32\cryptsp.dll
0x00007ffc1c830000 - 0x00007ffc1c849000 	C:\Program Files\Java\jdk-15.0.1\bin\net.dll
0x00007ffc364c0000 - 0x00007ffc365b0000 	C:\WINDOWS\SYSTEM32\WINHTTP.dll
0x00007ffc47610000 - 0x00007ffc47677000 	C:\WINDOWS\system32\mswsock.dll
0x00007ffc0c7b0000 - 0x00007ffc0c7c2000 	C:\Program Files\Java\jdk-15.0.1\bin\nio.dll
0x00007ffc09b90000 - 0x00007ffc09ba8000 	C:\Program Files\Java\jdk-15.0.1\bin\zip.dll
0x00007ffbe1370000 - 0x00007ffbe14f0000 	C:\Program Files\Java\jdk-15.0.1\bin\awt.dll
0x00007ffc4a530000 - 0x00007ffc4a5f5000 	C:\WINDOWS\System32\OLEAUT32.dll
0x00007ffc45f60000 - 0x00007ffc45fef000 	C:\WINDOWS\SYSTEM32\apphelp.dll
0x00007ffc46100000 - 0x00007ffc46199000 	C:\WINDOWS\system32\uxtheme.dll
0x00007ffc4aa00000 - 0x00007ffc4ab35000 	C:\WINDOWS\System32\MSCTF.dll
0x00007ffc49390000 - 0x00007ffc494e7000 	C:\WINDOWS\System32\ole32.dll
0x00007ffc46530000 - 0x00007ffc4655d000 	C:\WINDOWS\system32\DWMAPI.DLL
0x00007ffbe30e0000 - 0x00007ffbe3165000 	C:\Program Files\Java\jdk-15.0.1\bin\freetype.dll
0x00007ffbe0d90000 - 0x00007ffbe0e39000 	C:\Program Files\Java\jdk-15.0.1\bin\fontmanager.dll
0x00007ffc16160000 - 0x00007ffc162b6000 	C:\WINDOWS\system32\opengl32.dll
0x00007ffc16d30000 - 0x00007ffc16d5c000 	C:\WINDOWS\SYSTEM32\GLU32.dll
0x00007ffc46a70000 - 0x00007ffc46a90000 	C:\WINDOWS\SYSTEM32\dxcore.dll
0x00007ffc3ba60000 - 0x00007ffc3bc27000 	C:\WINDOWS\system32\d3d9.dll
0x00007ffc3da80000 - 0x00007ffc3db85000 	C:\WINDOWS\System32\DriverStore\FileRepository\nv_dispi.inf_amd64_a51067c0ac557884\nvldumdx.dll
0x00007ffc47df0000 - 0x00007ffc47e02000 	C:\WINDOWS\System32\msasn1.dll
0x00007ffc40550000 - 0x00007ffc4057f000 	C:\WINDOWS\SYSTEM32\cryptnet.dll
0x00007ffc480e0000 - 0x00007ffc48229000 	C:\WINDOWS\System32\CRYPT32.dll
0x00007ffc477e0000 - 0x00007ffc477ec000 	C:\WINDOWS\SYSTEM32\cryptbase.dll
0x00007ffc48e90000 - 0x00007ffc48eec000 	C:\WINDOWS\System32\WINTRUST.DLL
0x00007ffc49630000 - 0x00007ffc4964d000 	C:\WINDOWS\System32\imagehlp.dll
0x00007ffc47120000 - 0x00007ffc47153000 	C:\WINDOWS\system32\rsaenh.dll
0x00007ffc489f0000 - 0x00007ffc48a16000 	C:\WINDOWS\System32\bcrypt.dll
0x00007ffc102d0000 - 0x00007ffc11f17000 	C:\WINDOWS\System32\DriverStore\FileRepository\nv_dispi.inf_amd64_a51067c0ac557884\nvd3dumx.dll
0x00007ffc13360000 - 0x00007ffc13619000 	C:\WINDOWS\system32\nvspcap64.dll
0x00007ffc46e00000 - 0x00007ffc46e31000 	C:\WINDOWS\SYSTEM32\ntmarta.dll
0x00007ffc469b0000 - 0x00007ffc469d2000 	C:\WINDOWS\SYSTEM32\gpapi.dll
0x00007ffc49d40000 - 0x00007ffc49de2000 	C:\WINDOWS\System32\clbcatq.dll
0x00007ffc42400000 - 0x00007ffc425af000 	C:\WINDOWS\SYSTEM32\WindowsCodecs.dll
0x00007ffc13780000 - 0x00007ffc137ba000 	C:\WINDOWS\system32\dataexchange.dll
0x00007ffc45690000 - 0x00007ffc4586d000 	C:\WINDOWS\system32\dcomp.dll
0x00007ffc44fd0000 - 0x00007ffc4522b000 	C:\WINDOWS\system32\d3d11.dll
0x00007ffc46a90000 - 0x00007ffc46b7b000 	C:\WINDOWS\system32\dxgi.dll
0x00007ffc461d0000 - 0x00007ffc46432000 	C:\WINDOWS\system32\twinapi.appcore.dll
0x00007ffc46560000 - 0x00007ffc46589000 	C:\WINDOWS\system32\RMCLIENT.dll
0x00007ffc3db90000 - 0x00007ffc3dc2e000 	C:\WINDOWS\System32\TextInputFramework.dll
0x00007ffc42fb0000 - 0x00007ffc432da000 	C:\WINDOWS\System32\CoreUIComponents.dll
0x00007ffc45870000 - 0x00007ffc45944000 	C:\WINDOWS\System32\CoreMessaging.dll
0x00007ffc43ef0000 - 0x00007ffc44043000 	C:\WINDOWS\SYSTEM32\wintypes.dll
0x00007ffc3bd90000 - 0x00007ffc3c037000 	C:\WINDOWS\System32\iertutil.dll

dbghelp: loaded successfully - version: 4.0.5 - missing functions: none
symbol engine: initialized successfully - sym options: 0x614 - pdb path: .;C:\Program Files\Java\jdk-15.0.1\bin;C:\WINDOWS\SYSTEM32;C:\WINDOWS\WinSxS\amd64_microsoft.windows.common-controls_6595b64144ccf1df_6.0.18362.1256_none_9e7e379be45e40e2;C:\Program Files\Java\jdk-15.0.1\bin\server;C:\WINDOWS\System32\DriverStore\FileRepository\nv_dispi.inf_amd64_a51067c0ac557884

VM Arguments:
jvm_args: -Dfile.encoding=UTF-8 --module-path=C:\Users\Jaro\Documents\NetBeansProjects\TimeScheduler\build\classes 
java_command: timescheduler.scheduler_ui
java_class_path (initial): C:\Program Files\NetBeans-12.1\netbeans\java\modules\ext\AbsoluteLayout.jar;D:\Downloads\jcalendar-1.4\lib\jcalendar-1.4.jar;D:\Downloads\javax.mail.jar;D:\Uni Übungen\Java\Projekt\LGoodDatePicker-11.1.0.jar;C:\Users\Jaro\Documents\NetBeansProjects\TimeScheduler\build\classes
Launcher Type: SUN_STANDARD

[Global flags]
     intx CICompilerCount                          = 4                                         {product} {ergonomic}
     uint ConcGCThreads                            = 2                                         {product} {ergonomic}
     uint G1ConcRefinementThreads                  = 8                                         {product} {ergonomic}
   size_t G1HeapRegionSize                         = 2097152                                   {product} {ergonomic}
    uintx GCDrainStackTargetSize                   = 64                                        {product} {ergonomic}
   size_t InitialHeapSize                          = 266338304                                 {product} {ergonomic}
   size_t MarkStackSize                            = 4194304                                   {product} {ergonomic}
   size_t MaxHeapSize                              = 4257218560                                {product} {ergonomic}
   size_t MaxNewSize                               = 2554331136                                {product} {ergonomic}
   size_t MinHeapDeltaBytes                        = 2097152                                   {product} {ergonomic}
   size_t MinHeapSize                              = 8388608                                   {product} {ergonomic}
    uintx NonNMethodCodeHeapSize                   = 5839372                                {pd product} {ergonomic}
    uintx NonProfiledCodeHeapSize                  = 122909434                              {pd product} {ergonomic}
    uintx ProfiledCodeHeapSize                     = 122909434                              {pd product} {ergonomic}
    uintx ReservedCodeCacheSize                    = 251658240                              {pd product} {ergonomic}
     bool SegmentedCodeCache                       = true                                      {product} {ergonomic}
   size_t SoftMaxHeapSize                          = 4257218560                             {manageable} {ergonomic}
     bool UseCompressedClassPointers               = true                                 {lp64_product} {ergonomic}
     bool UseCompressedOops                        = true                                 {lp64_product} {ergonomic}
     bool UseG1GC                                  = true                                      {product} {ergonomic}
     bool UseLargePagesIndividualAllocation        = false                                  {pd product} {ergonomic}

Logging:
Log output configuration:
 #0: stdout all=warning uptime,level,tags
 #1: stderr all=off uptime,level,tags

Environment Variables:
PATH=C:\Program Files\Common Files\Oracle\Java\javapath;c:\program files (x86)\common files\oracle\java\javapath;c:\program files (x86)\common files\intel\shared libraries\redist\intel64\compiler;c:\windows\system32;c:\windows;c:\windows\system32\wbem;c:\windows\system32\windowspowershell\v1.0\;c:\windows\system32\openssh\;c:\program files\nvidia corporation\nvidia nvdlisr;c:\tdm-gcc-64\bin;c:\program files\microsoft sql server\130\tools\binn\;c:\mingw\bin;C:\Program Files (x86)\NVIDIA Corporation\PhysX\Common;C:\WINDOWS\system32;C:\WINDOWS;C:\WINDOWS\System32\Wbem;C:\WINDOWS\System32\WindowsPowerShell\v1.0\;C:\WINDOWS\System32\OpenSSH\;C:\Program Files\dotnet\;C:\Program Files\Microsoft SQL Server\Client SDK\ODBC\170\Tools\Binn\;C:\Program Files\LLVM\bin;C:\Users\Jaro\AppData\Local\Programs\Python\Python38-32;C:\Python34;C:\Users\Jaro\AppData\Local\Programs\Python\Python38-32\Scripts;C:\JavaFX\JavaFX 15\bin;C:\Program Files\Git\cmd;C:\Users\Jaro\AppData\Local\Programs\Python\Python38-32\Scripts\;C:\Users\Jaro\AppData\Local\Programs\Python\Python38-32\;C:\Users\Jaro\AppData\Local\Microsoft\WindowsApps;C:\Users\Jaro\AppData\Local\Programs\Microsoft VS Code\bin;C:\Program Files\JetBrains\PyCharm Community Edition 2019.2.4\bin;C:\Users\Jaro\.dotnet\tools;C:\Users\Jaro\AppData\Local\GitHubDesktop\bin
USERNAME=Jaro
OS=Windows_NT
PROCESSOR_IDENTIFIER=Intel64 Family 6 Model 60 Stepping 3, GenuineIntel



---------------  S Y S T E M  ---------------

OS:
 Windows 10 , 64 bit Build 18362 (10.0.18362.1110)
OS uptime: 0 days 9:43 hours

CPU: total 8 (initial active 8) (4 cores per cpu, 2 threads per core) family 6 model 60 stepping 3 microcode 0x27, cmov, cx8, fxsr, mmx, sse, sse2, sse3, ssse3, sse4.1, sse4.2, popcnt, vzeroupper, avx, avx2, aes, clmul, erms, lzcnt, ht, tsc, tscinvbit, bmi1, bmi2, fma, clflush

Memory: 4k page, system-wide physical 16239M (4836M free)
TotalPageFile size 22895M (AvailPageFile size 3939M)
current process WorkingSet (physical memory assigned to process): 163M, peak: 174M
current process commit charge ("private bytes"): 457M, peak: 461M

vm_info: Java HotSpot(TM) 64-Bit Server VM (15.0.1+9-18) for windows-amd64 JRE (15.0.1+9-18), built on Sep 15 2020 14:43:54 by "mach5one" with unknown MS VC++:1925

END.
